mar 29, 2025 6:07:09 TK LoggerUtil logInfo
INFO: Uzum market ishlamoqda ✔︎
mar 29, 2025 7:51:41 TK LoggerUtil logInfo
INFO: Uzum market ishlamoqda ✔︎
mar 29, 2025 7:52:08 TK LoggerUtil logError
SEVERE: Faylga yozishda xatolik: dats/users.txt (No such file or directory)
mar 29, 2025 8:02:11 TK LoggerUtil logInfo
INFO: Uzum market ishlamoqda ✔︎
mar 29, 2025 8:02:35 TK LoggerUtil logError
SEVERE: Faylga yozishda xatolik: dats/users.txt (No such file or directory)
mar 29, 2025 9:20:41 TK LoggerUtil logInfo
INFO: Uzum market ishlamoqda ✔︎
mar 29, 2025 9:20:53 TK LoggerUtil logError
SEVERE: Faylga yozishda xatolik: dats/users.txt (No such file or directory)
mar 30, 2025 8:16:08 TO LoggerUtil logInfo
INFO: Uzum market ishlamoqda ✔︎
mar 30, 2025 8:19:10 TO LoggerUtil logInfo
INFO: Uzum market ishlamoqda ✔︎
mar 30, 2025 9:53:23 TO Utils.LoggerUtil logInfo
INFO: Uzum market ishlamoqda ✔︎
mar 30, 2025 9:53:32 TO Utils.LoggerUtil logInfo
INFO: Uzum market ishlamoqda ✔︎
mar 30, 2025 9:55:20 TO Utils.LoggerUtil logInfo
INFO: Uzum market ishlamoqda ✔︎
mar 30, 2025 9:57:44 TO Utils.LoggerUtil logInfo
INFO: Uzum market ishlamoqda ✔︎
mar 30, 2025 9:58:37 TO Utils.LoggerUtil logInfo
INFO: Uzum market ishlamoqda ✔︎
mar 30, 2025 10:02:05 TO Utils.LoggerUtil logInfo
INFO: Uzum market ishlamoqda ✔︎
mar 30, 2025 10:02:57 TO Utils.LoggerUtil logInfo
INFO: Uzum market ishlamoqda ✔︎
mar 30, 2025 10:03:27 TO Utils.LoggerUtil logInfo
INFO: Uzum market ishlamoqda ✔︎
mar 30, 2025 10:03:34 TO Utils.LoggerUtil logInfo
INFO: Uzum market ishlamoqda ✔︎
mar 30, 2025 10:23:20 TO Utils.LoggerUtil logInfo
INFO: Uzum market ishlamoqda ✔︎
mar 30, 2025 10:26:33 TO Utils.LoggerUtil logInfo
INFO: Uzum market ishlamoqda ✔︎
mar 30, 2025 8:12:45 TK Utils.LoggerUtil logInfo
INFO: Uzum market ishlamoqda ✔︎
mar 30, 2025 9:34:09 TK Utils.LoggerUtil logInfo
INFO: Uzum market ishlamoqda ✔︎
mar 30, 2025 9:34:24 TK Utils.LoggerUtil logInfo
INFO: Uzum market ishlamoqda ✔︎
mar 30, 2025 9:34:44 TK Utils.LoggerUtil logInfo
INFO: Uzum market ishlamoqda ✔︎
mar 30, 2025 9:34:48 TK Utils.LoggerUtil logInfo
INFO: Uzum market ishlamoqda ✔︎
mar 30, 2025 9:38:00 TK Utils.LoggerUtil logInfo
INFO: Uzum market ishlamoqda ✔︎
mar 30, 2025 9:39:22 TK Utils.LoggerUtil logInfo
INFO: Uzum market ishlamoqda ✔︎
mar 30, 2025 9:50:17 TK Utils.LoggerUtil logInfo
INFO: Uzum market ishlamoqda ✔︎
mar 30, 2025 9:50:31 TK Utils.LoggerUtil logInfo
INFO: Uzum market ishlamoqda ✔︎
mar 30, 2025 9:59:19 TK Utils.LoggerUtil logInfo
INFO: Uzum market ishlamoqda ✔︎
mar 30, 2025 9:59:42 TK Utils.LoggerUtil logInfo
INFO: Uzum market ishlamoqda ✔︎
mar 30, 2025 10:13:04 TK Utils.LoggerUtil logInfo
INFO: Uzum market ishlamoqda ✔︎
mar 30, 2025 10:14:00 TK Utils.LoggerUtil logInfo
INFO: Uzum market ishlamoqda ✔︎
mar 30, 2025 10:21:02 TK Utils.LoggerUtil logInfo
INFO: Uzum market ishlamoqda ✔︎
mar 30, 2025 10:21:24 TK Utils.LoggerUtil logInfo
INFO: Uzum market ishlamoqda ✔︎
mar 30, 2025 10:25:59 TK Utils.LoggerUtil logInfo
INFO: Uzum market ishlamoqda ✔︎
mar 30, 2025 10:29:47 TK Utils.LoggerUtil logInfo
INFO: Uzum market ishlamoqda ✔︎
mar 30, 2025 10:33:36 TK Utils.LoggerUtil logInfo
INFO: Uzum market ishlamoqda ✔︎
mar 30, 2025 10:33:56 TK Utils.LoggerUtil logInfo
INFO: Uzum market ishlamoqda ✔︎
mar 30, 2025 10:34:15 TK Utils.LoggerUtil logInfo
INFO: Uzum market ishlamoqda ✔︎
mar 30, 2025 10:34:34 TK Utils.LoggerUtil logInfo
INFO: Uzum market ishlamoqda ✔︎
mar 30, 2025 10:34:48 TK Utils.LoggerUtil logInfo
INFO: Uzum market ishlamoqda ✔︎
mar 30, 2025 10:37:58 TK Utils.LoggerUtil logInfo
INFO: Uzum market ishlamoqda ✔︎
mar 30, 2025 10:40:45 TK Utils.LoggerUtil logInfo
INFO: Uzum market ishlamoqda ✔︎
mar 30, 2025 10:43:39 TK Utils.LoggerUtil logInfo
INFO: Uzum market ishlamoqda ✔︎
mar 30, 2025 10:49:28 TK Utils.LoggerUtil logInfo
INFO: Uzum market ishlamoqda ✔︎
mar 30, 2025 10:50:56 TK Utils.LoggerUtil logInfo
INFO: Uzum market ishlamoqda ✔︎
mar 30, 2025 10:55:21 TK Utils.LoggerUtil logInfo
INFO: Uzum market ishlamoqda ✔︎
mar 31, 2025 10:33:20 TO Utils.LoggerUtil logInfo
INFO: Uzum market ishlamoqda ✔︎
mar 31, 2025 10:36:18 TO Utils.LoggerUtil logInfo
INFO: Uzum market ishlamoqda ✔︎
mar 31, 2025 10:36:30 TO Utils.LoggerUtil logInfo
INFO: Uzum market ishlamoqda ✔︎
mar 31, 2025 10:36:43 TO Utils.LoggerUtil logInfo
INFO: Uzum market ishlamoqda ✔︎
mar 31, 2025 10:37:58 TO Utils.LoggerUtil logInfo
INFO: Uzum market ishlamoqda ✔︎
mar 31, 2025 10:38:08 TO Utils.LoggerUtil logInfo
INFO: Uzum market ishlamoqda ✔︎
mar 31, 2025 10:47:33 TO Utils.LoggerUtil logInfo
INFO: Uzum market ishlamoqda ✔︎
mar 31, 2025 10:51:39 TO Utils.LoggerUtil logInfo
INFO: Uzum market ishlamoqda ✔︎
mar 31, 2025 10:59:18 TO Utils.LoggerUtil logInfo
INFO: Uzum market ishlamoqda ✔︎
mar 31, 2025 10:59:36 TO Utils.LoggerUtil logInfo
INFO: Uzum market ishlamoqda ✔︎
mar 31, 2025 11:00:12 TO Utils.LoggerUtil logInfo
INFO: Uzum market ishlamoqda ✔︎
mar 31, 2025 11:01:18 TO Utils.LoggerUtil logInfo
INFO: Uzum market ishlamoqda ✔︎
mar 31, 2025 11:22:45 TO Utils.LoggerUtil logInfo
INFO: Uzum market ishlamoqda ✔︎
mar 31, 2025 11:23:01 TO Utils.LoggerUtil logInfo
INFO: Uzum market ishlamoqda ✔︎
mar 31, 2025 11:26:23 TO Utils.LoggerUtil logInfo
INFO: Uzum market ishlamoqda ✔︎
